app/build/outputs/logs/manifest-merger-debug-report.txt
-- Merging decision tree log ---
manifest
ADDED from src\main\AndroidManifest.xml:2:1-85:12
	package
		ADDED from src\main\AndroidManifest.xml:3:5-36
		INJECTED from src\main\AndroidManifest.xml
		INJECTED from src\main\AndroidManifest.xml
	android:versionName
		ADDED from src\main\AndroidManifest.xml:5:5-30
		INJECTED from src\main\AndroidManifest.xml
		INJECTED from src\main\AndroidManifest.xml
	android:versionCode
		ADDED from src\main\AndroidManifest.xml:4:5-28
		INJECTED from src\main\AndroidManifest.xml
		INJECTED from src\main\AndroidManifest.xml
	xmlns:android
		ADDED from src\main\AndroidManifest.xml:2:11-69
uses-sdk
ADDED from src\main\AndroidManifest.xml:7:5-9:41
MERGED from [com.android.support:support-v4:23.2.1] AndroidManifest.xml:20:5-43
MERGED from [com.android.support:appcompat-v7:23.2.1] AndroidManifest.xml:21:5-23:78
MERGED from [com.android.support:support-v4:23.2.1] AndroidManifest.xml:20:5-43
MERGED from [com.android.support:animated-vector-drawable:23.2.1] AndroidManifest.xml:5:5-44
MERGED from [com.android.support:support-vector-drawable:23.2.1] AndroidManifest.xml:5:5-43
MERGED from [com.android.support:support-v4:23.2.1] AndroidManifest.xml:20:5-43
MERGED from [com.android.support:support-vector-drawable:23.2.1] AndroidManifest.xml:5:5-43
MERGED from [com.android.support:support-v4:23.2.1] AndroidManifest.xml:20:5-43
MERGED from [com.android.support:design:23.2.1] AndroidManifest.xml:20:5-43
MERGED from [com.android.support:support-v4:23.2.1] AndroidManifest.xml:20:5-43
MERGED from [com.android.support:appcompat-v7:23.2.1] AndroidManifest.xml:21:5-23:78
MERGED from [com.android.support:support-v4:23.2.1] AndroidManifest.xml:20:5-43
MERGED from [com.android.support:animated-vector-drawable:23.2.1] AndroidManifest.xml:5:5-44
MERGED from [com.android.support:support-vector-drawable:23.2.1] AndroidManifest.xml:5:5-43
MERGED from [com.android.support:support-v4:23.2.1] AndroidManifest.xml:20:5-43
MERGED from [com.android.support:support-vector-drawable:23.2.1] AndroidManifest.xml:5:5-43
MERGED from [com.android.support:support-v4:23.2.1] AndroidManifest.xml:20:5-43
MERGED from [com.android.support:recyclerview-v7:23.2.1] AndroidManifest.xml:20:5-43
MERGED from [com.android.support:support-v4:23.2.1] AndroidManifest.xml:20:5-43
	tools:overrideLibrary
		ADDED from [com.android.support:appcompat-v7:23.2.1] AndroidManifest.xml:23:9-75
	android:targetSdkVersion
		ADDED from src\main\AndroidManifest.xml:9:9-38
		INJECTED from src\main\AndroidManifest.xml
		INJECTED from src\main\AndroidManifest.xml
	android:minSdkVersion
		ADDED from src\main\AndroidManifest.xml:8:9-35
		INJECTED from src\main\AndroidManifest.xml
		INJECTED from src\main\AndroidManifest.xml
uses-permission#android.permission.READ_PHONE_STATE
ADDED from src\main\AndroidManifest.xml:11:5-75
	android:name
		ADDED from src\main\AndroidManifest.xml:11:22-72
uses-permission#android.permission.WRITE_EXTERNAL_STORAGE
ADDED from src\main\AndroidManifest.xml:12:5-81
	android:name
		ADDED from src\main\AndroidManifest.xml:12:22-78
uses-permission#android.permission.READ_EXTERNAL_STORAGE
ADDED from src\main\AndroidManifest.xml:13:5-80
	android:name
		ADDED from src\main\AndroidManifest.xml:13:22-77
uses-permission#android.permission.SYSTEM_ALERT_WINDOW
ADDED from src\main\AndroidManifest.xml:14:5-78
	android:name
		ADDED from src\main\AndroidManifest.xml:14:22-75
application
ADDED from src\main\AndroidManifest.xml:16:5-83:19
MERGED from [com.android.support:support-v4:23.2.1] AndroidManifest.xml:22:5-20
MERGED from [com.android.support:appcompat-v7:23.2.1] AndroidManifest.xml:25:5-20
MERGED from [com.android.support:support-v4:23.2.1] AndroidManifest.xml:22:5-20
MERGED from [com.android.support:animated-vector-drawable:23.2.1] AndroidManifest.xml:7:5-20
MERGED from [com.android.support:support-vector-drawable:23.2.1] AndroidManifest.xml:7:5-20
MERGED from [com.android.support:support-v4:23.2.1] AndroidManifest.xml:22:5-20
MERGED from [com.android.support:support-vector-drawable:23.2.1] AndroidManifest.xml:7:5-20
MERGED from [com.android.support:support-v4:23.2.1] AndroidManifest.xml:22:5-20
MERGED from [com.android.support:design:23.2.1] AndroidManifest.xml:22:5-20
MERGED from [com.android.support:support-v4:23.2.1] AndroidManifest.xml:22:5-20
MERGED from [com.android.support:appcompat-v7:23.2.1] AndroidManifest.xml:25:5-20
MERGED from [com.android.support:support-v4:23.2.1] AndroidManifest.xml:22:5-20
MERGED from [com.android.support:animated-vector-drawable:23.2.1] AndroidManifest.xml:7:5-20
MERGED from [com.android.support:support-vector-drawable:23.2.1] AndroidManifest.xml:7:5-20
MERGED from [com.android.support:support-v4:23.2.1] AndroidManifest.xml:22:5-20
MERGED from [com.android.support:support-vector-drawable:23.2.1] AndroidManifest.xml:7:5-20
MERGED from [com.android.support:support-v4:23.2.1] AndroidManifest.xml:22:5-20
MERGED from [com.android.support:support-v4:23.2.1] AndroidManifest.xml:22:5-20
	android:label
		ADDED from src\main\AndroidManifest.xml:19:9-41
	android:allowBackup
		ADDED from src\main\AndroidManifest.xml:17:9-35
	android:icon
		ADDED from src\main\AndroidManifest.xml:18:9-45
	android:theme
		ADDED from src\main\AndroidManifest.xml:20:9-40
provider#com.yuqf.readbooktest.BooksContentProvider
ADDED from src\main\AndroidManifest.xml:21:9-24:39
	android:authorities
		ADDED from src\main\AndroidManifest.xml:23:13-71
	android:exported
		ADDED from src\main\AndroidManifest.xml:24:13-36
	android:name
		ADDED from src\main\AndroidManifest.xml:22:13-49
activity#com.yuqf.readbooktest.MainActivity
ADDED from src\main\AndroidManifest.xml:26:9-34:20
	android:label
		ADDED from src\main\AndroidManifest.xml:28:13-45
	android:name
		ADDED from src\main\AndroidManifest.xml:27:13-41
intent-filter#android.intent.action.MAIN+android.intent.category.LAUNCHER
ADDED from src\main\AndroidManifest.xml:29:13-33:29
action#android.intent.action.MAIN
ADDED from src\main\AndroidManifest.xml:30:17-69
	android:name
		ADDED from src\main\AndroidManifest.xml:30:25-66
category#android.intent.category.LAUNCHER
ADDED from src\main\AndroidManifest.xml:32:17-77
	android:name
		ADDED from src\main\AndroidManifest.xml:32:27-74
activity#com.yuqf.readbooktest.FrameLayoutActivity
ADDED from src\main\AndroidManifest.xml:35:9-37:67
	android:label
		ADDED from src\main\AndroidManifest.xml:37:13-64
	android:name
		ADDED from src\main\AndroidManifest.xml:36:13-48
activity#com.yuqf.readbooktest.LinearLayoutActivity
ADDED from src\main\AndroidManifest.xml:38:9-40:68
	android:label
		ADDED from src\main\AndroidManifest.xml:40:13-65
	android:name
		ADDED from src\main\AndroidManifest.xml:39:13-49
activity#com.yuqf.readbooktest.TableLayoutActivity
ADDED from src\main\AndroidManifest.xml:41:9-43:67
	android:label
		ADDED from src\main\AndroidManifest.xml:43:13-64
	android:name
		ADDED from src\main\AndroidManifest.xml:42:13-48
activity#com.yuqf.readbooktest.AbsoluteLayoutActivity
ADDED from src\main\AndroidManifest.xml:44:9-46:70
	android:label
		ADDED from src\main\AndroidManifest.xml:46:13-67
	android:name
		ADDED from src\main\AndroidManifest.xml:45:13-51
activity#com.yuqf.readbooktest.ListViewActivity_1
ADDED from src\main\AndroidManifest.xml:47:9-49:75
	android:label
		ADDED from src\main\AndroidManifest.xml:49:13-72
	android:name
		ADDED from src\main\AndroidManifest.xml:48:13-47
activity#com.yuqf.readbooktest.ListViewActivity_2
ADDED from src\main\AndroidManifest.xml:50:9-52:75
	android:label
		ADDED from src\main\AndroidManifest.xml:52:13-72
	android:name
		ADDED from src\main\AndroidManifest.xml:51:13-47
activity#com.yuqf.readbooktest.ListViewActivity_3
ADDED from src\main\AndroidManifest.xml:53:9-56:63
	android:label
		ADDED from src\main\AndroidManifest.xml:55:13-72
	android:theme
		ADDED from src\main\AndroidManifest.xml:56:13-60
	android:name
		ADDED from src\main\AndroidManifest.xml:54:13-47
activity#com.yuqf.readbooktest.ListViewActivity_4
ADDED from src\main\AndroidManifest.xml:57:9-59:75
	android:label
		ADDED from src\main\AndroidManifest.xml:59:13-72
	android:name
		ADDED from src\main\AndroidManifest.xml:58:13-47
activity#com.yuqf.readbooktest.ListViewActivity_5
ADDED from src\main\AndroidManifest.xml:60:9-62:75
	android:label
		ADDED from src\main\AndroidManifest.xml:62:13-72
	android:name
		ADDED from src\main\AndroidManifest.xml:61:13-47
activity#com.yuqf.readbooktest.GridViewActivity_1
ADDED from src\main\AndroidManifest.xml:63:9-65:75
	android:label
		ADDED from src\main\AndroidManifest.xml:65:13-72
	android:name
		ADDED from src\main\AndroidManifest.xml:64:13-47
activity#com.yuqf.readbooktest.UIControlsActivity
ADDED from src\main\AndroidManifest.xml:66:9-68:65
	android:label
		ADDED from src\main\AndroidManifest.xml:68:13-62
	android:name
		ADDED from src\main\AndroidManifest.xml:67:13-47
activity#com.yuqf.readbooktest.DialogActivity
ADDED from src\main\AndroidManifest.xml:69:9-71:61
	android:label
		ADDED from src\main\AndroidManifest.xml:71:13-58
	android:name
		ADDED from src\main\AndroidManifest.xml:70:13-43
activity#com.yuqf.readbooktest.ListViewActivity_6
ADDED from src\main\AndroidManifest.xml:72:9-56
	android:name
		ADDED from src\main\AndroidManifest.xml:72:19-53
activity#com.yuqf.readbooktest.ListViewActivity_7
ADDED from src\main\AndroidManifest.xml:73:9-56
	android:name
		ADDED from src\main\AndroidManifest.xml:73:19-53
activity#com.yuqf.readbooktest.MainNewActivity
ADDED from src\main\AndroidManifest.xml:74:9-53
	android:name
		ADDED from src\main\AndroidManifest.xml:74:19-50
activity#com.yuqf.readbooktest.SlidingDrawerActivity
ADDED from src\main\AndroidManifest.xml:75:9-59
	android:name
		ADDED from src\main\AndroidManifest.xml:75:19-56
activity#com.yuqf.readbooktest.SlidingPaneLayoutActivity
ADDED from src\main\AndroidManifest.xml:76:9-63
	android:name
		ADDED from src\main\AndroidManifest.xml:76:19-60
activity#com.yuqf.readbooktest.FirstNavigationDrawerActivity
ADDED from src\main\AndroidManifest.xml:77:9-80:59
	android:label
		ADDED from src\main\AndroidManifest.xml:79:13-75
	android:theme
		ADDED from src\main\AndroidManifest.xml:80:13-56
	android:name
		ADDED from src\main\AndroidManifest.xml:78:13-58
activity#com.yuqf.readbooktest.SecondNavigationDrawerActivity
ADDED from src\main\AndroidManifest.xml:81:9-68
	android:name
		ADDED from src\main\AndroidManifest.xml:81:19-65
activity#com.yuqf.readbooktest.ViewPagerActivity
ADDED from src\main\AndroidManifest.xml:82:9-64
	android:name
		ADDED from src\main\AndroidManifest.xml:82:19-52